<?xml version="1.0" encoding="UTF-8"?>
<testsuite name="com.example.Exec1_Todo.Exec1TodoApplicationTests" tests="1" skipped="0" failures="0" errors="0" timestamp="2022-02-03T08:41:53" hostname="Hongui-MacBookPro.local" time="0.113">
  <properties/>
  <testcase name="contextLoads()" classname="com.example.Exec1_Todo.Exec1TodoApplicationTests" time="0.113"/>
  <system-out><![CDATA[17:41:49.477 [Test worker] DEBUG org.springframework.test.context.BootstrapUtils - Instantiating CacheAwareContextLoaderDelegate from class [org.springframework.test.context.cache.DefaultCacheAwareContextLoaderDelegate]
17:41:49.485 [Test worker] DEBUG org.springframework.test.context.BootstrapUtils - Instantiating BootstrapContext using constructor [public org.springframework.test.context.support.DefaultBootstrapContext(java.lang.Class,org.springframework.test.context.CacheAwareContextLoaderDelegate)]
17:41:49.509 [Test worker] DEBUG org.springframework.test.context.BootstrapUtils - Instantiating TestContextBootstrapper for test class [com.example.Exec1_Todo.Exec1TodoApplicationTests] from class [org.springframework.boot.test.context.SpringBootTestContextBootstrapper]
17:41:49.518 [Test worker] INFO org.springframework.boot.test.context.SpringBootTestContextBootstrapper - Neither @ContextConfiguration nor @ContextHierarchy found for test class [com.example.Exec1_Todo.Exec1TodoApplicationTests], using SpringBootContextLoader
17:41:49.522 [Test worker] DEBUG org.springframework.test.context.support.AbstractContextLoader - Did not detect default resource location for test class [com.example.Exec1_Todo.Exec1TodoApplicationTests]: class path resource [com/example/Exec1_Todo/Exec1TodoApplicationTests-context.xml] does not exist
17:41:49.523 [Test worker] DEBUG org.springframework.test.context.support.AbstractContextLoader - Did not detect default resource location for test class [com.example.Exec1_Todo.Exec1TodoApplicationTests]: class path resource [com/example/Exec1_Todo/Exec1TodoApplicationTestsContext.groovy] does not exist
17:41:49.523 [Test worker] INFO org.springframework.test.context.support.AbstractContextLoader - Could not detect default resource locations for test class [com.example.Exec1_Todo.Exec1TodoApplicationTests]: no resource found for suffixes {-context.xml, Context.groovy}.
17:41:49.524 [Test worker] INFO org.springframework.test.context.support.AnnotationConfigContextLoaderUtils - Could not detect default configuration classes for test class [com.example.Exec1_Todo.Exec1TodoApplicationTests]: Exec1TodoApplicationTests does not declare any static, non-private, non-final, nested classes annotated with @Configuration.
17:41:49.567 [Test worker] DEBUG org.springframework.test.context.support.ActiveProfilesUtils - Could not find an 'annotation declaring class' for annotation type [org.springframework.test.context.ActiveProfiles] and class [com.example.Exec1_Todo.Exec1TodoApplicationTests]
17:41:49.604 [Test worker] DEBUG org.springframework.context.annotation.ClassPathScanningCandidateComponentProvider - Identified candidate component class: file [/Users/hong/Desktop/Github/SpringBoot/Exec1_Todo/build/classes/java/main/com/example/Exec1_Todo/Exec1TodoApplication.class]
17:41:49.605 [Test worker] INFO org.springframework.boot.test.context.SpringBootTestContextBootstrapper - Found @SpringBootConfiguration com.example.Exec1_Todo.Exec1TodoApplication for test class com.example.Exec1_Todo.Exec1TodoApplicationTests
17:41:49.661 [Test worker] DEBUG org.springframework.boot.test.context.SpringBootTestContextBootstrapper - @TestExecutionListeners is not present for class [com.example.Exec1_Todo.Exec1TodoApplicationTests]: using defaults.
17:41:49.662 [Test worker] INFO org.springframework.boot.test.context.SpringBootTestContextBootstrapper - Loaded default TestExecutionListener class names from location [META-INF/spring.factories]: [org.springframework.boot.test.autoconfigure.restdocs.RestDocsTestExecutionListener, org.springframework.boot.test.autoconfigure.web.client.MockRestServiceServerResetTestExecutionListener, org.springframework.boot.test.autoconfigure.web.servlet.MockMvcPrintOnlyOnFailureTestExecutionListener, org.springframework.boot.test.autoconfigure.web.servlet.WebDriverTestExecutionListener, org.springframework.boot.test.autoconfigure.webservices.client.MockWebServiceServerTestExecutionListener, org.springframework.boot.test.mock.mockito.MockitoTestExecutionListener, org.springframework.boot.test.mock.mockito.ResetMocksTestExecutionListener, org.springframework.test.context.web.ServletTestExecutionListener, org.springframework.test.context.support.DirtiesContextBeforeModesTestExecutionListener, org.springframework.test.context.event.ApplicationEventsTestExecutionListener, org.springframework.test.context.support.DependencyInjectionTestExecutionListener, org.springframework.test.context.support.DirtiesContextTestExecutionListener, org.springframework.test.context.transaction.TransactionalTestExecutionListener, org.springframework.test.context.jdbc.SqlScriptsTestExecutionListener, org.springframework.test.context.event.EventPublishingTestExecutionListener]
17:41:49.674 [Test worker] INFO org.springframework.boot.test.context.SpringBootTestContextBootstrapper - Using TestExecutionListeners: [org.springframework.test.context.web.ServletTestExecutionListener@358ac8ea, org.springframework.test.context.support.DirtiesContextBeforeModesTestExecutionListener@4df199ce, org.springframework.test.context.event.ApplicationEventsTestExecutionListener@68e40100, org.springframework.boot.test.mock.mockito.MockitoTestExecutionListener@6c7ea976, org.springframework.boot.test.autoconfigure.SpringBootDependencyInjectionTestExecutionListener@f50e18b, org.springframework.test.context.support.DirtiesContextTestExecutionListener@4eae3646, org.springframework.test.context.transaction.TransactionalTestExecutionListener@68ac292, org.springframework.test.context.jdbc.SqlScriptsTestExecutionListener@1fa6ee2c, org.springframework.test.context.event.EventPublishingTestExecutionListener@177208ea, org.springframework.boot.test.autoconfigure.restdocs.RestDocsTestExecutionListener@28d10044, org.springframework.boot.test.autoconfigure.web.client.MockRestServiceServerResetTestExecutionListener@781fc99e, org.springframework.boot.test.autoconfigure.web.servlet.MockMvcPrintOnlyOnFailureTestExecutionListener@50e09f3f, org.springframework.boot.test.autoconfigure.web.servlet.WebDriverTestExecutionListener@57d2f891, org.springframework.boot.test.autoconfigure.webservices.client.MockWebServiceServerTestExecutionListener@77a1010f, org.springframework.boot.test.mock.mockito.ResetMocksTestExecutionListener@7174755c]
17:41:49.676 [Test worker] DEBUG org.springframework.test.context.support.AbstractDirtiesContextTestExecutionListener - Before test class: context [DefaultTestContext@7ac6f49c testClass = Exec1TodoApplicationTests, testInstance = [null], testMethod = [null], testException = [null], mergedContextConfiguration = [WebMergedContextConfiguration@88589ce testClass = Exec1TodoApplicationTests, locations = '{}', classes = '{class com.example.Exec1_Todo.Exec1TodoApplication}', contextInitializerClasses = '[]', activeProfiles = '{}', propertySourceLocations = '{}', propertySourceProperties = '{org.springframework.boot.test.context.SpringBootTestContextBootstrapper=true}', contextCustomizers = set[org.springframework.boot.test.autoconfigure.actuate.metrics.MetricsExportContextCustomizerFactory$DisableMetricExportContextCustomizer@485623da, org.springframework.boot.test.autoconfigure.properties.PropertyMappingContextCustomizer@0, org.springframework.boot.test.autoconfigure.web.servlet.WebDriverContextCustomizerFactory$Customizer@2283685b, org.springframework.boot.test.context.filter.ExcludeFilterContextCustomizer@673631a, org.springframework.boot.test.json.DuplicateJsonObjectContextCustomizerFactory$DuplicateJsonObjectContextCustomizer@6ff77110, org.springframework.boot.test.mock.mockito.MockitoContextCustomizer@0, org.springframework.boot.test.web.client.TestRestTemplateContextCustomizer@30f74f9f, org.springframework.boot.test.context.SpringBootTestArgs@1, org.springframework.boot.test.context.SpringBootTestWebEnvironment@d0dd8ec], resourceBasePath = 'src/main/webapp', contextLoader = 'org.springframework.boot.test.context.SpringBootContextLoader', parent = [null]], attributes = map['org.springframework.test.context.web.ServletTestExecutionListener.activateListener' -> true]], class annotated with @DirtiesContext [false] with mode [null].
17:41:49.694 [Test worker] DEBUG org.springframework.test.context.support.TestPropertySourceUtils - Adding inlined properties to environment: {spring.jmx.enabled=false, org.springframework.boot.test.context.SpringBootTestContextBootstrapper=true}

  .   ____          _            __ _ _
 /\\ / ___'_ __ _ _(_)_ __  __ _ \ \ \ \
( ( )\___ | '_ | '_| | '_ \/ _` | \ \ \ \
 \\/  ___)| |_)| | | | | || (_| |  ) ) ) )
  '  |____| .__|_| |_|_| |_\__, | / / / /
 =========|_|==============|___/=/_/_/_/
 :: Spring Boot ::                (v2.4.4)

2022-02-03 17:41:50.101  INFO 2882 --- [    Test worker] c.e.E.Exec1TodoApplicationTests          : Starting Exec1TodoApplicationTests using Java 14.0.2 on Hongui-MacBookPro.local with PID 2882 (started by hong in /Users/hong/Desktop/Github/SpringBoot/Exec1_Todo)
2022-02-03 17:41:50.102  INFO 2882 --- [    Test worker] c.e.E.Exec1TodoApplicationTests          : The following profiles are active: oauth
2022-02-03 17:41:50.729  INFO 2882 --- [    Test worker] .s.d.r.c.RepositoryConfigurationDelegate : Bootstrapping Spring Data JPA repositories in DEFAULT mode.
2022-02-03 17:41:50.767  INFO 2882 --- [    Test worker] .s.d.r.c.RepositoryConfigurationDelegate : Finished Spring Data repository scanning in 34 ms. Found 3 JPA repository interfaces.
2022-02-03 17:41:51.116  INFO 2882 --- [    Test worker] com.zaxxer.hikari.HikariDataSource       : HikariPool-1 - Starting...
2022-02-03 17:41:51.119  WARN 2882 --- [    Test worker] com.zaxxer.hikari.util.DriverDataSource  : Registered driver with driverClassName=com.mysql.jdbc.Driver was not found, trying direct instantiation.
2022-02-03 17:41:51.369  INFO 2882 --- [    Test worker] com.zaxxer.hikari.HikariDataSource       : HikariPool-1 - Start completed.
2022-02-03 17:41:51.411  INFO 2882 --- [    Test worker] o.hibernate.jpa.internal.util.LogHelper  : HHH000204: Processing PersistenceUnitInfo [name: default]
2022-02-03 17:41:51.442  INFO 2882 --- [    Test worker] org.hibernate.Version                    : HHH000412: Hibernate ORM core version 5.4.29.Final
2022-02-03 17:41:51.546  INFO 2882 --- [    Test worker] o.hibernate.annotations.common.Version   : HCANN000001: Hibernate Commons Annotations {5.1.2.Final}
2022-02-03 17:41:51.620  INFO 2882 --- [    Test worker] org.hibernate.dialect.Dialect            : HHH000400: Using dialect: org.hibernate.dialect.MySQL5InnoDBDialect
2022-02-03 17:41:52.070  INFO 2882 --- [    Test worker] o.h.e.t.j.p.i.JtaPlatformInitiator       : HHH000490: Using JtaPlatform implementation: [org.hibernate.engine.transaction.jta.platform.internal.NoJtaPlatform]
2022-02-03 17:41:52.076  INFO 2882 --- [    Test worker] j.LocalContainerEntityManagerFactoryBean : Initialized JPA EntityManagerFactory for persistence unit 'default'
2022-02-03 17:41:52.125  WARN 2882 --- [    Test worker] JpaBaseConfiguration$JpaWebConfiguration : spring.jpa.open-in-view is enabled by default. Therefore, database queries may be performed during view rendering. Explicitly configure spring.jpa.open-in-view to disable this warning
2022-02-03 17:41:52.855  INFO 2882 --- [    Test worker] o.s.s.web.DefaultSecurityFilterChain     : Will secure any request with [org.springframework.security.web.context.request.async.WebAsyncManagerIntegrationFilter@38058c93, org.springframework.security.web.context.SecurityContextPersistenceFilter@cc14d6d, org.springframework.security.web.header.HeaderWriterFilter@3eff1358, org.springframework.security.web.csrf.CsrfFilter@f6592f8, org.springframework.security.web.authentication.logout.LogoutFilter@767ebd, org.springframework.security.web.authentication.UsernamePasswordAuthenticationFilter@72c041b2, org.springframework.security.web.authentication.ui.DefaultLoginPageGeneratingFilter@8b9f700, org.springframework.security.web.authentication.ui.DefaultLogoutPageGeneratingFilter@59c49694, org.springframework.security.web.authentication.www.BasicAuthenticationFilter@35c306f3, org.springframework.security.web.savedrequest.RequestCacheAwareFilter@5b4193a5, org.springframework.security.web.servletapi.SecurityContextHolderAwareRequestFilter@62a09b36, org.springframework.security.web.authentication.AnonymousAuthenticationFilter@581e0c26, org.springframework.security.web.session.SessionManagementFilter@606b044d, org.springframework.security.web.access.ExceptionTranslationFilter@7aa14578, org.springframework.security.web.access.intercept.FilterSecurityInterceptor@6fc36aa9]
2022-02-03 17:41:52.884  INFO 2882 --- [    Test worker] pertySourcedRequestMappingHandlerMapping : Mapped URL path [/v2/api-docs] onto method [springfox.documentation.swagger2.web.Swagger2Controller#getDocumentation(String, HttpServletRequest)]
2022-02-03 17:41:53.241  INFO 2882 --- [    Test worker] d.s.w.p.DocumentationPluginsBootstrapper : Context refreshed
2022-02-03 17:41:53.254  INFO 2882 --- [    Test worker] d.s.w.p.DocumentationPluginsBootstrapper : Found 1 custom documentation plugin(s)
2022-02-03 17:41:53.271  INFO 2882 --- [    Test worker] s.d.s.w.s.ApiListingReferenceScanner     : Scanning for api listing references
2022-02-03 17:41:53.353  INFO 2882 --- [    Test worker] .d.s.w.r.o.CachingOperationNameGenerator : Generating unique operation named: saveUsingPOST_1
2022-02-03 17:41:53.360  INFO 2882 --- [    Test worker] .d.s.w.r.o.CachingOperationNameGenerator : Generating unique operation named: deleteAllUsingDELETE_1
2022-02-03 17:41:53.362  INFO 2882 --- [    Test worker] .d.s.w.r.o.CachingOperationNameGenerator : Generating unique operation named: deleteOneUsingDELETE_1
2022-02-03 17:41:53.377  INFO 2882 --- [    Test worker] .d.s.w.r.o.CachingOperationNameGenerator : Generating unique operation named: saveUsingPOST_2
2022-02-03 17:41:53.390  INFO 2882 --- [    Test worker] c.e.E.Exec1TodoApplicationTests          : Started Exec1TodoApplicationTests in 3.689 seconds (JVM running for 4.429)
]]></system-out>
  <system-err><![CDATA[Loading class `com.mysql.jdbc.Driver'. This is deprecated. The new driver class is `com.mysql.cj.jdbc.Driver'. The driver is automatically registered via the SPI and manual loading of the driver class is generally unnecessary.
]]></system-err>
</testsuite>
