<?xml version="1.0" encoding="UTF-8"?>
<testsuite name="com.example.Exec1_Todo.Exec1TodoApplicationTests" tests="1" skipped="0" failures="0" errors="0" timestamp="2022-01-30T17:31:57" hostname="Hongui-MacBookPro.local" time="0.121">
  <properties/>
  <testcase name="contextLoads()" classname="com.example.Exec1_Todo.Exec1TodoApplicationTests" time="0.121"/>
  <system-out><![CDATA[02:31:52.605 [Test worker] DEBUG org.springframework.test.context.BootstrapUtils - Instantiating CacheAwareContextLoaderDelegate from class [org.springframework.test.context.cache.DefaultCacheAwareContextLoaderDelegate]
02:31:52.614 [Test worker] DEBUG org.springframework.test.context.BootstrapUtils - Instantiating BootstrapContext using constructor [public org.springframework.test.context.support.DefaultBootstrapContext(java.lang.Class,org.springframework.test.context.CacheAwareContextLoaderDelegate)]
02:31:52.639 [Test worker] DEBUG org.springframework.test.context.BootstrapUtils - Instantiating TestContextBootstrapper for test class [com.example.Exec1_Todo.Exec1TodoApplicationTests] from class [org.springframework.boot.test.context.SpringBootTestContextBootstrapper]
02:31:52.649 [Test worker] INFO org.springframework.boot.test.context.SpringBootTestContextBootstrapper - Neither @ContextConfiguration nor @ContextHierarchy found for test class [com.example.Exec1_Todo.Exec1TodoApplicationTests], using SpringBootContextLoader
02:31:52.651 [Test worker] DEBUG org.springframework.test.context.support.AbstractContextLoader - Did not detect default resource location for test class [com.example.Exec1_Todo.Exec1TodoApplicationTests]: class path resource [com/example/Exec1_Todo/Exec1TodoApplicationTests-context.xml] does not exist
02:31:52.652 [Test worker] DEBUG org.springframework.test.context.support.AbstractContextLoader - Did not detect default resource location for test class [com.example.Exec1_Todo.Exec1TodoApplicationTests]: class path resource [com/example/Exec1_Todo/Exec1TodoApplicationTestsContext.groovy] does not exist
02:31:52.652 [Test worker] INFO org.springframework.test.context.support.AbstractContextLoader - Could not detect default resource locations for test class [com.example.Exec1_Todo.Exec1TodoApplicationTests]: no resource found for suffixes {-context.xml, Context.groovy}.
02:31:52.652 [Test worker] INFO org.springframework.test.context.support.AnnotationConfigContextLoaderUtils - Could not detect default configuration classes for test class [com.example.Exec1_Todo.Exec1TodoApplicationTests]: Exec1TodoApplicationTests does not declare any static, non-private, non-final, nested classes annotated with @Configuration.
02:31:52.697 [Test worker] DEBUG org.springframework.test.context.support.ActiveProfilesUtils - Could not find an 'annotation declaring class' for annotation type [org.springframework.test.context.ActiveProfiles] and class [com.example.Exec1_Todo.Exec1TodoApplicationTests]
02:31:52.734 [Test worker] DEBUG org.springframework.context.annotation.ClassPathScanningCandidateComponentProvider - Identified candidate component class: file [/Users/hong/Desktop/Github/SpringBoot/Exec1_Todo/build/classes/java/main/com/example/Exec1_Todo/Exec1TodoApplication.class]
02:31:52.735 [Test worker] INFO org.springframework.boot.test.context.SpringBootTestContextBootstrapper - Found @SpringBootConfiguration com.example.Exec1_Todo.Exec1TodoApplication for test class com.example.Exec1_Todo.Exec1TodoApplicationTests
02:31:52.793 [Test worker] DEBUG org.springframework.boot.test.context.SpringBootTestContextBootstrapper - @TestExecutionListeners is not present for class [com.example.Exec1_Todo.Exec1TodoApplicationTests]: using defaults.
02:31:52.793 [Test worker] INFO org.springframework.boot.test.context.SpringBootTestContextBootstrapper - Loaded default TestExecutionListener class names from location [META-INF/spring.factories]: [org.springframework.boot.test.autoconfigure.restdocs.RestDocsTestExecutionListener, org.springframework.boot.test.autoconfigure.web.client.MockRestServiceServerResetTestExecutionListener, org.springframework.boot.test.autoconfigure.web.servlet.MockMvcPrintOnlyOnFailureTestExecutionListener, org.springframework.boot.test.autoconfigure.web.servlet.WebDriverTestExecutionListener, org.springframework.boot.test.autoconfigure.webservices.client.MockWebServiceServerTestExecutionListener, org.springframework.boot.test.mock.mockito.MockitoTestExecutionListener, org.springframework.boot.test.mock.mockito.ResetMocksTestExecutionListener, org.springframework.test.context.web.ServletTestExecutionListener, org.springframework.test.context.support.DirtiesContextBeforeModesTestExecutionListener, org.springframework.test.context.event.ApplicationEventsTestExecutionListener, org.springframework.test.context.support.DependencyInjectionTestExecutionListener, org.springframework.test.context.support.DirtiesContextTestExecutionListener, org.springframework.test.context.transaction.TransactionalTestExecutionListener, org.springframework.test.context.jdbc.SqlScriptsTestExecutionListener, org.springframework.test.context.event.EventPublishingTestExecutionListener]
02:31:52.805 [Test worker] INFO org.springframework.boot.test.context.SpringBootTestContextBootstrapper - Using TestExecutionListeners: [org.springframework.test.context.web.ServletTestExecutionListener@624fe3e1, org.springframework.test.context.support.DirtiesContextBeforeModesTestExecutionListener@b540474, org.springframework.test.context.event.ApplicationEventsTestExecutionListener@500ccb14, org.springframework.boot.test.mock.mockito.MockitoTestExecutionListener@5d0f87bc, org.springframework.boot.test.autoconfigure.SpringBootDependencyInjectionTestExecutionListener@40c22717, org.springframework.test.context.support.DirtiesContextTestExecutionListener@6b9efcdf, org.springframework.test.context.transaction.TransactionalTestExecutionListener@5d7cced3, org.springframework.test.context.jdbc.SqlScriptsTestExecutionListener@7cef80a7, org.springframework.test.context.event.EventPublishingTestExecutionListener@2d44eab2, org.springframework.boot.test.autoconfigure.restdocs.RestDocsTestExecutionListener@31a093c1, org.springframework.boot.test.autoconfigure.web.client.MockRestServiceServerResetTestExecutionListener@a91d970, org.springframework.boot.test.autoconfigure.web.servlet.MockMvcPrintOnlyOnFailureTestExecutionListener@a7b9a3d, org.springframework.boot.test.autoconfigure.web.servlet.WebDriverTestExecutionListener@60e0ba, org.springframework.boot.test.autoconfigure.webservices.client.MockWebServiceServerTestExecutionListener@35eb55ec, org.springframework.boot.test.mock.mockito.ResetMocksTestExecutionListener@31b55078]
02:31:52.808 [Test worker] DEBUG org.springframework.test.context.support.AbstractDirtiesContextTestExecutionListener - Before test class: context [DefaultTestContext@f16c5a6 testClass = Exec1TodoApplicationTests, testInstance = [null], testMethod = [null], testException = [null], mergedContextConfiguration = [WebMergedContextConfiguration@4eed1823 testClass = Exec1TodoApplicationTests, locations = '{}', classes = '{class com.example.Exec1_Todo.Exec1TodoApplication}', contextInitializerClasses = '[]', activeProfiles = '{}', propertySourceLocations = '{}', propertySourceProperties = '{org.springframework.boot.test.context.SpringBootTestContextBootstrapper=true}', contextCustomizers = set[org.springframework.boot.test.autoconfigure.actuate.metrics.MetricsExportContextCustomizerFactory$DisableMetricExportContextCustomizer@de5697e, org.springframework.boot.test.autoconfigure.properties.PropertyMappingContextCustomizer@0, org.springframework.boot.test.autoconfigure.web.servlet.WebDriverContextCustomizerFactory$Customizer@5722a5fa, org.springframework.boot.test.context.filter.ExcludeFilterContextCustomizer@68323be2, org.springframework.boot.test.json.DuplicateJsonObjectContextCustomizerFactory$DuplicateJsonObjectContextCustomizer@5bf80562, org.springframework.boot.test.mock.mockito.MockitoContextCustomizer@0, org.springframework.boot.test.web.client.TestRestTemplateContextCustomizer@5627d83a, org.springframework.boot.test.context.SpringBootTestArgs@1, org.springframework.boot.test.context.SpringBootTestWebEnvironment@72a05993], resourceBasePath = 'src/main/webapp', contextLoader = 'org.springframework.boot.test.context.SpringBootContextLoader', parent = [null]], attributes = map['org.springframework.test.context.web.ServletTestExecutionListener.activateListener' -> true]], class annotated with @DirtiesContext [false] with mode [null].
02:31:52.828 [Test worker] DEBUG org.springframework.test.context.support.TestPropertySourceUtils - Adding inlined properties to environment: {spring.jmx.enabled=false, org.springframework.boot.test.context.SpringBootTestContextBootstrapper=true}

  .   ____          _            __ _ _
 /\\ / ___'_ __ _ _(_)_ __  __ _ \ \ \ \
( ( )\___ | '_ | '_| | '_ \/ _` | \ \ \ \
 \\/  ___)| |_)| | | | | || (_| |  ) ) ) )
  '  |____| .__|_| |_|_| |_\__, | / / / /
 =========|_|==============|___/=/_/_/_/
 :: Spring Boot ::                (v2.4.4)

2022-01-31 02:31:53.237  INFO 2496 --- [    Test worker] c.e.E.Exec1TodoApplicationTests          : Starting Exec1TodoApplicationTests using Java 14.0.2 on Hongui-MacBookPro.local with PID 2496 (started by hong in /Users/hong/Desktop/Github/SpringBoot/Exec1_Todo)
2022-01-31 02:31:53.238  INFO 2496 --- [    Test worker] c.e.E.Exec1TodoApplicationTests          : The following profiles are active: oauth
2022-01-31 02:31:53.922  INFO 2496 --- [    Test worker] .s.d.r.c.RepositoryConfigurationDelegate : Bootstrapping Spring Data JPA repositories in DEFAULT mode.
2022-01-31 02:31:53.963  INFO 2496 --- [    Test worker] .s.d.r.c.RepositoryConfigurationDelegate : Finished Spring Data repository scanning in 36 ms. Found 3 JPA repository interfaces.
2022-01-31 02:31:54.427  INFO 2496 --- [    Test worker] com.zaxxer.hikari.HikariDataSource       : HikariPool-1 - Starting...
2022-01-31 02:31:54.431  WARN 2496 --- [    Test worker] com.zaxxer.hikari.util.DriverDataSource  : Registered driver with driverClassName=com.mysql.jdbc.Driver was not found, trying direct instantiation.
2022-01-31 02:31:54.724  INFO 2496 --- [    Test worker] com.zaxxer.hikari.HikariDataSource       : HikariPool-1 - Start completed.
2022-01-31 02:31:54.773  INFO 2496 --- [    Test worker] o.hibernate.jpa.internal.util.LogHelper  : HHH000204: Processing PersistenceUnitInfo [name: default]
2022-01-31 02:31:54.807  INFO 2496 --- [    Test worker] org.hibernate.Version                    : HHH000412: Hibernate ORM core version 5.4.29.Final
2022-01-31 02:31:54.936  INFO 2496 --- [    Test worker] o.hibernate.annotations.common.Version   : HCANN000001: Hibernate Commons Annotations {5.1.2.Final}
2022-01-31 02:31:55.032  INFO 2496 --- [    Test worker] org.hibernate.dialect.Dialect            : HHH000400: Using dialect: org.hibernate.dialect.MySQL5InnoDBDialect
2022-01-31 02:31:55.560  INFO 2496 --- [    Test worker] o.h.e.t.j.p.i.JtaPlatformInitiator       : HHH000490: Using JtaPlatform implementation: [org.hibernate.engine.transaction.jta.platform.internal.NoJtaPlatform]
2022-01-31 02:31:55.566  INFO 2496 --- [    Test worker] j.LocalContainerEntityManagerFactoryBean : Initialized JPA EntityManagerFactory for persistence unit 'default'
2022-01-31 02:31:55.642  WARN 2496 --- [    Test worker] JpaBaseConfiguration$JpaWebConfiguration : spring.jpa.open-in-view is enabled by default. Therefore, database queries may be performed during view rendering. Explicitly configure spring.jpa.open-in-view to disable this warning
2022-01-31 02:31:56.518  INFO 2496 --- [    Test worker] o.s.s.web.DefaultSecurityFilterChain     : Will secure any request with [org.springframework.security.web.context.request.async.WebAsyncManagerIntegrationFilter@7e047716, org.springframework.security.web.context.SecurityContextPersistenceFilter@44a0e382, org.springframework.security.web.header.HeaderWriterFilter@59a732f7, org.springframework.security.web.csrf.CsrfFilter@10f1df68, org.springframework.security.web.authentication.logout.LogoutFilter@4f76043f, org.springframework.security.web.authentication.UsernamePasswordAuthenticationFilter@314e1569, org.springframework.security.web.authentication.ui.DefaultLoginPageGeneratingFilter@6b1adaaf, org.springframework.security.web.authentication.ui.DefaultLogoutPageGeneratingFilter@5ae09b6d, org.springframework.security.web.authentication.www.BasicAuthenticationFilter@67de2988, org.springframework.security.web.savedrequest.RequestCacheAwareFilter@3a26d0e2, org.springframework.security.web.servletapi.SecurityContextHolderAwareRequestFilter@cbff936, org.springframework.security.web.authentication.AnonymousAuthenticationFilter@7e034bb2, org.springframework.security.web.session.SessionManagementFilter@596137e1, org.springframework.security.web.access.ExceptionTranslationFilter@732ff413, org.springframework.security.web.access.intercept.FilterSecurityInterceptor@45a8701a]
2022-01-31 02:31:56.562  INFO 2496 --- [    Test worker] pertySourcedRequestMappingHandlerMapping : Mapped URL path [/v2/api-docs] onto method [springfox.documentation.swagger2.web.Swagger2Controller#getDocumentation(String, HttpServletRequest)]
2022-01-31 02:31:56.981  INFO 2496 --- [    Test worker] d.s.w.p.DocumentationPluginsBootstrapper : Context refreshed
2022-01-31 02:31:56.994  INFO 2496 --- [    Test worker] d.s.w.p.DocumentationPluginsBootstrapper : Found 1 custom documentation plugin(s)
2022-01-31 02:31:57.020  INFO 2496 --- [    Test worker] s.d.s.w.s.ApiListingReferenceScanner     : Scanning for api listing references
2022-01-31 02:31:57.120  INFO 2496 --- [    Test worker] .d.s.w.r.o.CachingOperationNameGenerator : Generating unique operation named: saveUsingPOST_1
2022-01-31 02:31:57.130  INFO 2496 --- [    Test worker] .d.s.w.r.o.CachingOperationNameGenerator : Generating unique operation named: deleteAllUsingDELETE_1
2022-01-31 02:31:57.132  INFO 2496 --- [    Test worker] .d.s.w.r.o.CachingOperationNameGenerator : Generating unique operation named: deleteOneUsingDELETE_1
2022-01-31 02:31:57.150  INFO 2496 --- [    Test worker] .d.s.w.r.o.CachingOperationNameGenerator : Generating unique operation named: saveUsingPOST_2
2022-01-31 02:31:57.163  INFO 2496 --- [    Test worker] c.e.E.Exec1TodoApplicationTests          : Started Exec1TodoApplicationTests in 4.329 seconds (JVM running for 5.104)
]]></system-out>
  <system-err><![CDATA[Loading class `com.mysql.jdbc.Driver'. This is deprecated. The new driver class is `com.mysql.cj.jdbc.Driver'. The driver is automatically registered via the SPI and manual loading of the driver class is generally unnecessary.
]]></system-err>
</testsuite>
